# JRE version: OpenJDK Runtime Environment AdoptOpenJDK (14.0.2+12) (build 14.0.2+12)
# Java VM: OpenJDK 64-Bit Server VM AdoptOpenJDK (14.0.2+12, mixed mode, tiered, compressed oops, g1 gc, linux-amd64)
Heap:
 garbage-first heap   total 354304K, used 260318K [0x0000000080000000, 0x0000000100000000)
  region size 1024K, 91 young (93184K), 6 survivors (6144K)
 Metaspace       used 144728K, capacity 150432K, committed 150720K, reserved 1179648K
  class space    used 18769K, capacity 21480K, committed 21504K, reserved 1048576K
GC Heap History (20 events):
Event: 139.781 GC heap before
{Heap before GC invocations=69 (full 0):
 garbage-first heap   total 272384K, used 228074K [0x0000000080000000, 0x0000000100000000)
  region size 1024K, 66 young (67584K), 3 survivors (3072K)
 Metaspace       used 142109K, capacity 147220K, committed 147392K, reserved 1175552K
  class space    used 18371K, capacity 20915K, committed 20992K, reserved 1048576K
}
Event: 139.785 GC heap after
{Heap after GC invocations=70 (full 0):
 garbage-first heap   total 272384K, used 165340K [0x0000000080000000, 0x0000000100000000)
  region size 1024K, 4 young (4096K), 4 survivors (4096K)
 Metaspace       used 142109K, capacity 147220K, committed 147392K, reserved 1175552K
  class space    used 18371K, capacity 20915K, committed 20992K, reserved 1048576K
}
Event: 139.894 GC heap before
{Heap before GC invocations=70 (full 0):
 garbage-first heap   total 272384K, used 228828K [0x0000000080000000, 0x0000000100000000)
  region size 1024K, 68 young (69632K), 4 survivors (4096K)
 Metaspace       used 142232K, capacity 147361K, committed 147392K, reserved 1175552K
  class space    used 18413K, capacity 20976K, committed 20992K, reserved 1048576K
}
Event: 139.900 GC heap after
{Heap after GC invocations=71 (full 0):
 garbage-first heap   total 272384K, used 167172K [0x0000000080000000, 0x0000000100000000)
  region size 1024K, 5 young (5120K), 5 survivors (5120K)
 Metaspace       used 142232K, capacity 147361K, committed 147392K, reserved 1175552K
  class space    used 18413K, capacity 20976K, committed 20992K, reserved 1048576K
}
Event: 140.018 GC heap before
{Heap before GC invocations=71 (full 0):
 garbage-first heap   total 272384K, used 229636K [0x0000000080000000, 0x0000000100000000)
  region size 1024K, 67 young (68608K), 5 survivors (5120K)
 Metaspace       used 142373K, capacity 147602K, committed 147776K, reserved 1175552K
  class space    used 18466K, capacity 21056K, committed 21120K, reserved 1048576K
}
Event: 140.022 GC heap after
{Heap after GC invocations=72 (full 0):
 garbage-first heap   total 272384K, used 165103K [0x0000000080000000, 0x0000000100000000)
  region size 1024K, 3 young (3072K), 3 survivors (3072K)
 Metaspace       used 142373K, capacity 147602K, committed 147776K, reserved 1175552K
  class space    used 18466K, capacity 21056K, committed 21120K, reserved 1048576K
}
Event: 140.211 GC heap before
{Heap before GC invocations=72 (full 0):
 garbage-first heap   total 272384K, used 230639K [0x0000000080000000, 0x0000000100000000)
  region size 1024K, 68 young (69632K), 3 survivors (3072K)
 Metaspace       used 142821K, capacity 148079K, committed 148160K, reserved 1175552K
  class space    used 18562K, capacity 21216K, committed 21248K, reserved 1048576K
}
Event: 140.215 GC heap after
{Heap after GC invocations=73 (full 0):
 garbage-first heap   total 272384K, used 163908K [0x0000000080000000, 0x0000000100000000)
  region size 1024K, 2 young (2048K), 2 survivors (2048K)
 Metaspace       used 142821K, capacity 148079K, committed 148160K, reserved 1175552K
  class space    used 18562K, capacity 21216K, committed 21248K, reserved 1048576K
}
Event: 140.443 GC heap before
{Heap before GC invocations=73 (full 0):
 garbage-first heap   total 272384K, used 231492K [0x0000000080000000, 0x0000000100000000)
  region size 1024K, 69 young (70656K), 2 survivors (2048K)
 Metaspace       used 143299K, capacity 148722K, committed 148800K, reserved 1177600K
  class space    used 18684K, capacity 21374K, committed 21376K, reserved 1048576K
}
Event: 140.451 GC heap after
{Heap after GC invocations=74 (full 0):
 garbage-first heap   total 272384K, used 166018K [0x0000000080000000, 0x0000000100000000)
  region size 1024K, 4 young (4096K), 4 survivors (4096K)
 Metaspace       used 143299K, capacity 148722K, committed 148800K, reserved 1177600K
  class space    used 18684K, capacity 21374K, committed 21376K, reserved 1048576K
}
Event: 140.947 GC heap before
{Heap before GC invocations=74 (full 0):
 garbage-first heap   total 272384K, used 231554K [0x0000000080000000, 0x0000000100000000)
  region size 1024K, 69 young (70656K), 4 survivors (4096K)
 Metaspace       used 143995K, capacity 149534K, committed 149696K, reserved 1177600K
  class space    used 18758K, capacity 21472K, committed 21504K, reserved 1048576K
}
Event: 140.956 GC heap after
{Heap after GC invocations=75 (full 0):
 garbage-first heap   total 272384K, used 168770K [0x0000000080000000, 0x0000000100000000)
  region size 1024K, 7 young (7168K), 7 survivors (7168K)
 Metaspace       used 143995K, capacity 149534K, committed 149696K, reserved 1177600K
  class space    used 18758K, capacity 21472K, committed 21504K, reserved 1048576K
}
Event: 141.224 GC heap before
{Heap before GC invocations=75 (full 0):
 garbage-first heap   total 272384K, used 233282K [0x0000000080000000, 0x0000000100000000)
  region size 1024K, 70 young (71680K), 7 survivors (7168K)
 Metaspace       used 144237K, capacity 149844K, committed 149952K, reserved 1177600K
  class space    used 18763K, capacity 21472K, committed 21504K, reserved 1048576K
}
Event: 141.237 GC heap after
{Heap after GC invocations=76 (full 0):
 garbage-first heap   total 272384K, used 173436K [0x0000000080000000, 0x0000000100000000)
  region size 1024K, 8 young (8192K), 8 survivors (8192K)
 Metaspace       used 144237K, capacity 149844K, committed 149952K, reserved 1177600K
  class space    used 18763K, capacity 21472K, committed 21504K, reserved 1048576K
}
Event: 141.531 GC heap before
{Heap before GC invocations=76 (full 0):
 garbage-first heap   total 272384K, used 232828K [0x0000000080000000, 0x0000000100000000)
  region size 1024K, 66 young (67584K), 8 survivors (8192K)
 Metaspace       used 144400K, capacity 149988K, committed 150208K, reserved 1177600K
  class space    used 18768K, capacity 21479K, committed 21504K, reserved 1048576K
}
Event: 141.538 GC heap after
{Heap after GC invocations=77 (full 0):
 garbage-first heap   total 272384K, used 171600K [0x0000000080000000, 0x0000000100000000)
  region size 1024K, 3 young (3072K), 3 survivors (3072K)
 Metaspace       used 144400K, capacity 149988K, committed 150208K, reserved 1177600K
  class space    used 18768K, capacity 21479K, committed 21504K, reserved 1048576K
}
Event: 141.948 GC heap before
{Heap before GC invocations=77 (full 0):
 garbage-first heap   total 272384K, used 234064K [0x0000000080000000, 0x0000000100000000)
  region size 1024K, 64 young (65536K), 3 survivors (3072K)
 Metaspace       used 144570K, capacity 150198K, committed 150464K, reserved 1177600K
  class space    used 18769K, capacity 21480K, committed 21504K, reserved 1048576K
}
Event: 141.957 GC heap after
{Heap after GC invocations=78 (full 0):
 garbage-first heap   total 354304K, used 173033K [0x0000000080000000, 0x0000000100000000)
  region size 1024K, 5 young (5120K), 5 survivors (5120K)
 Metaspace       used 144570K, capacity 150198K, committed 150464K, reserved 1177600K
  class space    used 18769K, capacity 21480K, committed 21504K, reserved 1048576K
}
Event: 142.545 GC heap before
{Heap before GC invocations=78 (full 0):
 garbage-first heap   total 354304K, used 304105K [0x0000000080000000, 0x0000000100000000)
  region size 1024K, 133 young (136192K), 5 survivors (5120K)
 Metaspace       used 144698K, capacity 150367K, committed 150464K, reserved 1177600K
  class space    used 18769K, capacity 21480K, committed 21504K, reserved 1048576K
}
Event: 142.551 GC heap after
{Heap after GC invocations=79 (full 0):
 garbage-first heap   total 354304K, used 174302K [0x0000000080000000, 0x0000000100000000)
  region size 1024K, 6 young (6144K), 6 survivors (6144K)
 Metaspace       used 144698K, capacity 150367K, committed 150464K, reserved 1177600K
  class space    used 18769K, capacity 21480K, committed 21504K, reserved 1048576K
}

