# JRE version: OpenJDK Runtime Environment AdoptOpenJDK (14.0.2+12) (build 14.0.2+12)
# Java VM: OpenJDK 64-Bit Server VM AdoptOpenJDK (14.0.2+12, mixed mode, tiered, compressed oops, g1 gc, linux-amd64)
Heap:
 garbage-first heap   total 343040K, used 178351K [0x0000000080000000, 0x0000000100000000)
  region size 1024K, 54 young (55296K), 10 survivors (10240K)
 Metaspace       used 145334K, capacity 151164K, committed 151284K, reserved 1179648K
  class space    used 18798K, capacity 21539K, committed 21576K, reserved 1048576K
GC Heap History (20 events):
Event: 522.921 GC heap before
{Heap before GC invocations=72 (full 0):
 garbage-first heap   total 263168K, used 213817K [0x0000000080000000, 0x0000000100000000)
  region size 1024K, 89 young (91136K), 1 survivors (1024K)
 Metaspace       used 142254K, capacity 147274K, committed 147316K, reserved 1175552K
  class space    used 18224K, capacity 20673K, committed 20680K, reserved 1048576K
}
Event: 522.928 GC heap after
{Heap after GC invocations=73 (full 0):
 garbage-first heap   total 263168K, used 128098K [0x0000000080000000, 0x0000000100000000)
  region size 1024K, 4 young (4096K), 4 survivors (4096K)
 Metaspace       used 142254K, capacity 147274K, committed 147316K, reserved 1175552K
  class space    used 18224K, capacity 20673K, committed 20680K, reserved 1048576K
}
Event: 523.168 GC heap before
{Heap before GC invocations=73 (full 0):
 garbage-first heap   total 263168K, used 216162K [0x0000000080000000, 0x0000000100000000)
  region size 1024K, 92 young (94208K), 4 survivors (4096K)
 Metaspace       used 142467K, capacity 147605K, committed 147828K, reserved 1175552K
  class space    used 18296K, capacity 20811K, committed 20936K, reserved 1048576K
}
Event: 523.177 GC heap after
{Heap after GC invocations=74 (full 0):
 garbage-first heap   total 263168K, used 127645K [0x0000000080000000, 0x0000000100000000)
  region size 1024K, 4 young (4096K), 4 survivors (4096K)
 Metaspace       used 142467K, capacity 147605K, committed 147828K, reserved 1175552K
  class space    used 18296K, capacity 20811K, committed 20936K, reserved 1048576K
}
Event: 523.455 GC heap before
{Heap before GC invocations=74 (full 0):
 garbage-first heap   total 343040K, used 217757K [0x0000000080000000, 0x0000000100000000)
  region size 1024K, 93 young (95232K), 4 survivors (4096K)
 Metaspace       used 142720K, capacity 147935K, committed 148212K, reserved 1177600K
  class space    used 18397K, capacity 20966K, committed 21064K, reserved 1048576K
}
Event: 523.461 GC heap after
{Heap after GC invocations=75 (full 0):
 garbage-first heap   total 343040K, used 126449K [0x0000000080000000, 0x0000000100000000)
  region size 1024K, 3 young (3072K), 3 survivors (3072K)
 Metaspace       used 142720K, capacity 147935K, committed 148212K, reserved 1177600K
  class space    used 18397K, capacity 20966K, committed 21064K, reserved 1048576K
}
Event: 524.041 GC heap before
{Heap before GC invocations=76 (full 0):
 garbage-first heap   total 343040K, used 282097K [0x0000000080000000, 0x0000000100000000)
  region size 1024K, 156 young (159744K), 3 survivors (3072K)
 Metaspace       used 143261K, capacity 148589K, committed 148724K, reserved 1177600K
  class space    used 18557K, capacity 21196K, committed 21320K, reserved 1048576K
}
Event: 524.048 GC heap after
{Heap after GC invocations=77 (full 0):
 garbage-first heap   total 343040K, used 127104K [0x0000000080000000, 0x0000000100000000)
  region size 1024K, 3 young (3072K), 3 survivors (3072K)
 Metaspace       used 143261K, capacity 148589K, committed 148724K, reserved 1177600K
  class space    used 18557K, capacity 21196K, committed 21320K, reserved 1048576K
}
Event: 525.025 GC heap before
{Heap before GC invocations=77 (full 0):
 garbage-first heap   total 343040K, used 294016K [0x0000000080000000, 0x0000000100000000)
  region size 1024K, 167 young (171008K), 3 survivors (3072K)
 Metaspace       used 144464K, capacity 150066K, committed 150260K, reserved 1177600K
  class space    used 18789K, capacity 21532K, committed 21576K, reserved 1048576K
}
Event: 525.036 GC heap after
{Heap after GC invocations=78 (full 0):
 garbage-first heap   total 343040K, used 132572K [0x0000000080000000, 0x0000000100000000)
  region size 1024K, 9 young (9216K), 9 survivors (9216K)
 Metaspace       used 144464K, capacity 150066K, committed 150260K, reserved 1177600K
  class space    used 18789K, capacity 21532K, committed 21576K, reserved 1048576K
}
Event: 526.020 GC heap before
{Heap before GC invocations=79 (full 0):
 garbage-first heap   total 343040K, used 290268K [0x0000000080000000, 0x0000000100000000)
  region size 1024K, 163 young (166912K), 9 survivors (9216K)
 Metaspace       used 144945K, capacity 150674K, committed 150772K, reserved 1179648K
  class space    used 18794K, capacity 21539K, committed 21576K, reserved 1048576K
}
Event: 526.038 GC heap after
{Heap after GC invocations=80 (full 0):
 garbage-first heap   total 343040K, used 133715K [0x0000000080000000, 0x0000000100000000)
  region size 1024K, 10 young (10240K), 10 survivors (10240K)
 Metaspace       used 144945K, capacity 150674K, committed 150772K, reserved 1179648K
  class space    used 18794K, capacity 21539K, committed 21576K, reserved 1048576K
}
Event: 526.937 GC heap before
{Heap before GC invocations=80 (full 0):
 garbage-first heap   total 343040K, used 292435K [0x0000000080000000, 0x0000000100000000)
  region size 1024K, 165 young (168960K), 10 survivors (10240K)
 Metaspace       used 145158K, capacity 150948K, committed 151028K, reserved 1179648K
  class space    used 18794K, capacity 21539K, committed 21576K, reserved 1048576K
}
Event: 526.950 GC heap after
{Heap after GC invocations=81 (full 0):
 garbage-first heap   total 343040K, used 135454K [0x0000000080000000, 0x0000000100000000)
  region size 1024K, 11 young (11264K), 11 survivors (11264K)
 Metaspace       used 145158K, capacity 150948K, committed 151028K, reserved 1179648K
  class space    used 18794K, capacity 21539K, committed 21576K, reserved 1048576K
}
Event: 527.640 GC heap before
{Heap before GC invocations=82 (full 0):
 garbage-first heap   total 343040K, used 293150K [0x0000000080000000, 0x0000000100000000)
  region size 1024K, 165 young (168960K), 11 survivors (11264K)
 Metaspace       used 145223K, capacity 151016K, committed 151284K, reserved 1179648K
  class space    used 18794K, capacity 21539K, committed 21576K, reserved 1048576K
}
Event: 527.654 GC heap after
{Heap after GC invocations=83 (full 0):
 garbage-first heap   total 343040K, used 134430K [0x0000000080000000, 0x0000000100000000)
  region size 1024K, 10 young (10240K), 10 survivors (10240K)
 Metaspace       used 145223K, capacity 151016K, committed 151284K, reserved 1179648K
  class space    used 18794K, capacity 21539K, committed 21576K, reserved 1048576K
}
Event: 528.277 GC heap before
{Heap before GC invocations=83 (full 0):
 garbage-first heap   total 343040K, used 292126K [0x0000000080000000, 0x0000000100000000)
  region size 1024K, 165 young (168960K), 10 survivors (10240K)
 Metaspace       used 145283K, capacity 151034K, committed 151284K, reserved 1179648K
  class space    used 18794K, capacity 21539K, committed 21576K, reserved 1048576K
}
Event: 528.292 GC heap after
{Heap after GC invocations=84 (full 0):
 garbage-first heap   total 343040K, used 134430K [0x0000000080000000, 0x0000000100000000)
  region size 1024K, 10 young (10240K), 10 survivors (10240K)
 Metaspace       used 145283K, capacity 151034K, committed 151284K, reserved 1179648K
  class space    used 18794K, capacity 21539K, committed 21576K, reserved 1048576K
}
Event: 528.942 GC heap before
{Heap before GC invocations=85 (full 0):
 garbage-first heap   total 343040K, used 294174K [0x0000000080000000, 0x0000000100000000)
  region size 1024K, 166 young (169984K), 10 survivors (10240K)
 Metaspace       used 145298K, capacity 151100K, committed 151284K, reserved 1179648K
  class space    used 18794K, capacity 21539K, committed 21576K, reserved 1048576K
}
Event: 528.954 GC heap after
{Heap after GC invocations=86 (full 0):
 garbage-first heap   total 343040K, used 134319K [0x0000000080000000, 0x0000000100000000)
  region size 1024K, 10 young (10240K), 10 survivors (10240K)
 Metaspace       used 145298K, capacity 151100K, committed 151284K, reserved 1179648K
  class space    used 18794K, capacity 21539K, committed 21576K, reserved 1048576K
}

